e:\data structures\current working version\cs4d768 tutorial 5-2015student_ooblob\cs4d768 tutorial 5-2015student_ooblob\debug\vc120.pdb
e:\data structures\current working version\cs4d768 tutorial 5-2015student_ooblob\cs4d768 tutorial 5-2015student_ooblob\debug\vc120.idb
e:\data structures\current working version\cs4d768 tutorial 5-2015student_ooblob\cs4d768 tutorial 5-2015student_ooblob\debug\blobdemo.obj
e:\data structures\current working version\cs4d768 tutorial 5-2015student_ooblob\cs4d768 tutorial 5-2015student_ooblob\debug\nodetree.obj
e:\data structures\current working version\cs4d768 tutorial 5-2015student_ooblob\cs4d768 tutorial 5-2015student_ooblob\debug\particlecollision.obj
e:\data structures\current working version\cs4d768 tutorial 5-2015student_ooblob\cs4d768 tutorial 5-2015student_ooblob\debug\quadtree.obj
e:\data structures\current working version\cs4d768 tutorial 5-2015student_ooblob\cs4d768 tutorial 5-2015student_ooblob\debug\app.obj
e:\data structures\current working version\cs4d768 tutorial 5-2015student_ooblob\cs4d768 tutorial 5-2015student_ooblob\debug\main.obj
e:\data structures\current working version\cs4d768 tutorial 5-2015student_ooblob\cs4d768 tutorial 5-2015student_ooblob\debug\particle.obj
e:\data structures\current working version\cs4d768 tutorial 5-2015student_ooblob\cs4d768 tutorial 5-2015student_ooblob\debug\pcontacts.obj
e:\data structures\current working version\cs4d768 tutorial 5-2015student_ooblob\cs4d768 tutorial 5-2015student_ooblob\debug\pworld.obj
e:\data structures\current working version\cs4d768 tutorial 5-2015student_ooblob\cs4d768 tutorial 5-2015student_ooblob\debug\quadalgorithm.obj
e:\data structures\current working version\cs4d768 tutorial 5-2015student_ooblob\cs4d768 tutorial 5-2015student_ooblob\debug\sphere.ilk
e:\data structures\current working version\cs4d768 tutorial 5-2015student_ooblob\cs4d768 tutorial 5-2015student_ooblob\debug\sphere.exe
e:\data structures\current working version\cs4d768 tutorial 5-2015student_ooblob\cs4d768 tutorial 5-2015student_ooblob\debug\sphere.pdb
e:\data structures\current working version\cs4d768 tutorial 5-2015student_ooblob\cs4d768 tutorial 5-2015student_ooblob\debug\dynamicnodetree.obj
e:\data structures\current working version\cs4d768 tutorial 5-2015student_ooblob\cs4d768 tutorial 5-2015student_ooblob\debug\treenode.obj
e:\data structures\current working version\cs4d768 tutorial 5-2015student_ooblob\cs4d768 tutorial 5-2015student_ooblob\debug\treestructure.obj
e:\data structures\current working version\cs4d768 tutorial 5-2015student_ooblob\cs4d768 tutorial 5-2015student_ooblob\debug\vc140.idb
e:\data structures\current working version\cs4d768 tutorial 5-2015student_ooblob\cs4d768 tutorial 5-2015student_ooblob\debug\vc140.pdb
e:\data structures\current working version\cs4d768 tutorial 5-2015student_ooblob\cs4d768 tutorial 5-2015student_ooblob\debug\..\debug\sphere.pdb
e:\data structures\current working version\cs4d768 tutorial 5-2015student_ooblob\cs4d768 tutorial 5-2015student_ooblob\sphere\..\debug\sphere.exe
e:\data structures\current working version\cs4d768 tutorial 5-2015student_ooblob\cs4d768 tutorial 5-2015student_ooblob\debug\..\debug\sphere.ilk
e:\data structures\current working version\cs4d768 tutorial 5-2015student_ooblob\cs4d768 tutorial 5-2015student_ooblob\debug\sphere.tlog\cl.command.1.tlog
e:\data structures\current working version\cs4d768 tutorial 5-2015student_ooblob\cs4d768 tutorial 5-2015student_ooblob\debug\sphere.tlog\cl.read.1.tlog
e:\data structures\current working version\cs4d768 tutorial 5-2015student_ooblob\cs4d768 tutorial 5-2015student_ooblob\debug\sphere.tlog\cl.write.1.tlog
e:\data structures\current working version\cs4d768 tutorial 5-2015student_ooblob\cs4d768 tutorial 5-2015student_ooblob\debug\sphere.tlog\link.command.1.tlog
e:\data structures\current working version\cs4d768 tutorial 5-2015student_ooblob\cs4d768 tutorial 5-2015student_ooblob\debug\sphere.tlog\link.read.1.tlog
e:\data structures\current working version\cs4d768 tutorial 5-2015student_ooblob\cs4d768 tutorial 5-2015student_ooblob\debug\sphere.tlog\link.write.1.tlog
